<?xml version="1.0" encoding="UTF-8"?>
<!-- Generated by org.testng.reporters.JUnitReportReporter -->
<testsuite skipped="0" hostname="LP-PC0MQFYK" name="TestNG_Parameters.TestNG_Parameters" tests="1" failures="0" timestamp="26 Mar 2019 08:27:49 GMT" time="29.614" errors="0">
  <testcase name="CRMPROLoginPageTest" time="29.614" classname="TestNG_Parameters.TestNG_Parameters"/>
</testsuite> <!-- TestNG_Parameters.TestNG_Parameters -->
