<?xml version="1.0" encoding="UTF-8"?>
<!-- Generated by org.testng.reporters.JUnitReportReporter -->
<testsuite skipped="0" hostname="LP-PC0MQFYK" name="TestNG_InvocationCountKeyword.TestNG_InvocationCountKeyword" tests="4" failures="0" timestamp="26 Mar 2019 12:21:37 GMT" time="93.714" errors="0">
  <testcase name="CRMPROLoginPageTest" time="23.224" classname="TestNG_InvocationCountKeyword.TestNG_InvocationCountKeyword"/>
  <testcase name="CRMPROLoginPageTest" time="24.145" classname="TestNG_InvocationCountKeyword.TestNG_InvocationCountKeyword"/>
  <testcase name="CRMPROLoginPageTest" time="24.014" classname="TestNG_InvocationCountKeyword.TestNG_InvocationCountKeyword"/>
  <testcase name="CRMPROLoginPageTest" time="22.331" classname="TestNG_InvocationCountKeyword.TestNG_InvocationCountKeyword"/>
</testsuite> <!-- TestNG_InvocationCountKeyword.TestNG_InvocationCountKeyword -->
