<?xml version="1.0" encoding="UTF-8"?>
<!-- Generated by org.testng.reporters.JUnitReportReporter -->
<testsuite skipped="0" hostname="LP-PC0MQFYK" name="ScrollUpDown.ScrollUpDown" tests="1" failures="0" timestamp="29 Mar 2019 12:58:14 GMT" time="61.664" errors="0">
  <testcase name="f" time="61.664" classname="ScrollUpDown.ScrollUpDown"/>
</testsuite> <!-- ScrollUpDown.ScrollUpDown -->
