<?xml version="1.0" encoding="UTF-8"?>
<!-- Generated by org.testng.reporters.JUnitReportReporter -->
<testsuite skipped="0" hostname="LP-PC0MQFYK" name="MouseAndKeyboardHandling.MouseAndKeyboardHandling" tests="1" failures="0" timestamp="20 Mar 2019 04:40:34 GMT" time="34.487" errors="0">
  <testcase name="f" time="34.487" classname="MouseAndKeyboardHandling.MouseAndKeyboardHandling"/>
</testsuite> <!-- MouseAndKeyboardHandling.MouseAndKeyboardHandling -->
