<?xml version="1.0" encoding="UTF-8"?>
<!-- Generated by org.testng.reporters.JUnitReportReporter -->
<testsuite skipped="0" hostname="LP-PC0MQFYK" name="TestNG_Priorty.TestNG_Priorty" tests="4" failures="0" timestamp="26 Mar 2019 10:43:47 GMT" time="40.676" errors="0">
  <testcase name="CRMPROLoginPageTest" time="38.557" classname="TestNG_Priorty.TestNG_Priorty"/>
  <testcase name="SwitchToIframe" time="0.048" classname="TestNG_Priorty.TestNG_Priorty"/>
  <testcase name="CRMPROHomePageTest" time="0.081" classname="TestNG_Priorty.TestNG_Priorty"/>
  <testcase name="CRMPROTaskTest" time="1.990" classname="TestNG_Priorty.TestNG_Priorty"/>
</testsuite> <!-- TestNG_Priorty.TestNG_Priorty -->
