<?xml version="1.0" encoding="UTF-8"?>
<!-- Generated by org.testng.reporters.JUnitReportReporter -->
<testsuite skipped="0" hostname="LP-PC0MQFYK" name="TestNG_ExpectedExceptionKeyword.TestNG_ExpectedExceptionKeyword" tests="1" failures="0" timestamp="26 Mar 2019 11:42:20 GMT" time="26.383" errors="0">
  <testcase name="CRMPROLoginPageTest" time="26.383" classname="TestNG_ExpectedExceptionKeyword.TestNG_ExpectedExceptionKeyword"/>
</testsuite> <!-- TestNG_ExpectedExceptionKeyword.TestNG_ExpectedExceptionKeyword -->
