<?xml version="1.0" encoding="UTF-8"?>
<!-- Generated by org.testng.reporters.JUnitReportReporter -->
<testsuite skipped="0" hostname="LP-PC0MQFYK" name="FileUpload.FileUpload" tests="1" failures="0" timestamp="03 May 2019 11:29:34 GMT" time="13.197" errors="0">
  <testcase name="f" time="13.197" classname="FileUpload.FileUpload"/>
</testsuite> <!-- FileUpload.FileUpload -->
