<?xml version="1.0" encoding="UTF-8"?>
<!-- Generated by org.testng.reporters.JUnitReportReporter -->
<testsuite skipped="0" hostname="LP-PC0MQFYK" name="TestNGBasic.TestNGBasic" tests="2" failures="0" timestamp="29 Mar 2019 13:22:57 GMT" time="0.011" errors="0">
  <testcase name="TestCase2" time="0.004" classname="TestNGBasic.TestNGBasic"/>
  <testcase name="TestCase1" time="0.007" classname="TestNGBasic.TestNGBasic"/>
</testsuite> <!-- TestNGBasic.TestNGBasic -->
