<?xml version="1.0" encoding="UTF-8"?>
<!-- Generated by org.testng.reporters.JUnitReportReporter -->
<testsuite skipped="0" hostname="LP-PC0MQFYK" name="FindElementVsFindElements.FindElementVsFindElements" tests="1" failures="0" timestamp="04 Apr 2019 20:08:16 GMT" time="12.663" errors="0">
  <testcase name="f" time="12.663" classname="FindElementVsFindElements.FindElementVsFindElements"/>
</testsuite> <!-- FindElementVsFindElements.FindElementVsFindElements -->
