<?xml version="1.0" encoding="UTF-8"?>
<!-- Generated by org.testng.reporters.JUnitReportReporter -->
<testsuite skipped="0" hostname="LP-PC0MQFYK" name="TestNG_GroupsKeyword.TestNG_GroupsKeyword" tests="4" failures="0" timestamp="26 Mar 2019 11:26:55 GMT" time="31.669" errors="0">
  <testcase name="CRMPROLoginPageTest" time="28.469" classname="TestNG_GroupsKeyword.TestNG_GroupsKeyword"/>
  <testcase name="SwitchToIframe" time="0.045" classname="TestNG_GroupsKeyword.TestNG_GroupsKeyword"/>
  <testcase name="CRMPROHomePageTest" time="0.035" classname="TestNG_GroupsKeyword.TestNG_GroupsKeyword"/>
  <testcase name="CRMPROTaskTest" time="3.120" classname="TestNG_GroupsKeyword.TestNG_GroupsKeyword"/>
</testsuite> <!-- TestNG_GroupsKeyword.TestNG_GroupsKeyword -->
