<?xml version="1.0" encoding="UTF-8"?>
<!-- Generated by org.testng.reporters.JUnitReportReporter -->
<testsuite skipped="0" hostname="LP-PC0MQFYK" name="Handle_Basic_Authentication_PopUp.Handle_Basic_Authentication_PopUp" tests="1" failures="0" timestamp="30 Mar 2019 16:19:05 GMT" time="12.670" errors="0">
  <testcase name="f" time="12.670" classname="Handle_Basic_Authentication_PopUp.Handle_Basic_Authentication_PopUp"/>
</testsuite> <!-- Handle_Basic_Authentication_PopUp.Handle_Basic_Authentication_PopUp -->
