<?xml version="1.0" encoding="UTF-8"?>
<!-- Generated by org.testng.reporters.JUnitReportReporter -->
<testsuite skipped="0" hostname="LP-PC0MQFYK" name="WindowHnadling.WindowHnadling" tests="1" failures="0" timestamp="22 Mar 2019 08:20:35 GMT" time="100.737" errors="0">
  <testcase name="f" time="100.737" classname="WindowHnadling.WindowHnadling"/>
</testsuite> <!-- WindowHnadling.WindowHnadling -->
