<?xml version="1.0" encoding="UTF-8"?>
<!-- Generated by org.testng.reporters.JUnitReportReporter -->
<testsuite skipped="0" hostname="LP-PC0MQFYK" name="UploadFile.UploadFile" tests="1" failures="0" timestamp="23 Mar 2019 08:28:17 GMT" time="42.082" errors="0">
  <testcase name="f" time="42.082" classname="UploadFile.UploadFile"/>
</testsuite> <!-- UploadFile.UploadFile -->
