<?xml version="1.0" encoding="UTF-8"?>
<!-- Generated by org.testng.reporters.JUnitReportReporter -->
<testsuite skipped="0" hostname="LP-PC0MQFYK" name="GoogleSearch.GoogleSearch" tests="1" failures="0" timestamp="20 Apr 2019 19:33:26 GMT" time="13.322" errors="0">
  <testcase name="f" time="13.322" classname="GoogleSearch.GoogleSearch"/>
</testsuite> <!-- GoogleSearch.GoogleSearch -->
