<?xml version="1.0" encoding="UTF-8"?>
<!-- Generated by org.testng.reporters.JUnitReportReporter -->
<testsuite skipped="0" hostname="LP-PC0MQFYK" name="QuitVSClose.QuitVSClose" tests="1" failures="0" timestamp="20 Mar 2019 05:13:22 GMT" time="10.716" errors="0">
  <testcase name="f" time="10.716" classname="QuitVSClose.QuitVSClose"/>
</testsuite> <!-- QuitVSClose.QuitVSClose -->
