<?xml version="1.0" encoding="UTF-8"?>
<!-- Generated by org.testng.reporters.JUnitReportReporter -->
<testsuite skipped="0" hostname="LP-PC0MQFYK" name="HeadlessBrowser.HeadlessBrowser" tests="1" failures="0" timestamp="22 Mar 2019 10:16:14 GMT" time="31.172" errors="0">
  <testcase name="f" time="31.172" classname="HeadlessBrowser.HeadlessBrowser"/>
</testsuite> <!-- HeadlessBrowser.HeadlessBrowser -->
