<?xml version="1.0" encoding="UTF-8"?>
<!-- Generated by org.testng.reporters.JUnitReportReporter -->
<testsuite skipped="0" hostname="LP-PC0MQFYK" name="FileUpload.FileUpload" tests="1" failures="0" timestamp="05 May 2019 13:11:26 GMT" time="18.974" errors="0">
  <testcase name="f" time="18.974" classname="FileUpload.FileUpload"/>
</testsuite> <!-- FileUpload.FileUpload -->
