<?xml version="1.0" encoding="UTF-8"?>
<!-- Generated by org.testng.reporters.JUnitReportReporter -->
<testsuite skipped="0" hostname="LP-PC0MQFYK" name="Screenshot.Screenshot" tests="1" failures="0" timestamp="05 May 2019 13:11:26 GMT" time="11.236" errors="0">
  <testcase name="f" time="11.236" classname="Screenshot.Screenshot"/>
</testsuite> <!-- Screenshot.Screenshot -->
